<?xml version="1.0" encoding="UTF-8"?>
<testng-results ignored="0" total="2" passed="2" failed="0" skipped="0">
  <reporter-output>
  </reporter-output>
  <suite started-at="2023-05-30T19:20:17 PDT" name="Default suite" finished-at="2023-05-30T19:20:17 PDT" duration-ms="46">
    <groups>
    </groups>
    <test started-at="2023-05-30T19:20:17 PDT" name="Default test" finished-at="2023-05-30T19:20:17 PDT" duration-ms="46">
      <class name="testNG.dataproviders">
        <test-method signature="f(java.lang.String,java.lang.Integer)[pri:0, instance:testNG.dataproviders@6eda5c9]" started-at="2023-05-30T19:20:17 PDT" name="f" data-provider="dp" finished-at="2023-05-30T19:20:17 PDT" duration-ms="5" status="PASS">
          <params>
            <param index="0">
              <value>
                <![CDATA[Aff]]>
              </value>
            </param>
            <param index="1">
              <value>
                <![CDATA[1111]]>
              </value>
            </param>
          </params>
          <reporter-output>
          </reporter-output>
        </test-method> <!-- f -->
        <test-method signature="f(java.lang.String,java.lang.Integer)[pri:0, instance:testNG.dataproviders@6eda5c9]" started-at="2023-05-30T19:20:17 PDT" name="f" data-provider="dp" finished-at="2023-05-30T19:20:17 PDT" duration-ms="1" status="PASS">
          <params>
            <param index="0">
              <value>
                <![CDATA[Abdul]]>
              </value>
            </param>
            <param index="1">
              <value>
                <![CDATA[2222]]>
              </value>
            </param>
          </params>
          <reporter-output>
          </reporter-output>
        </test-method> <!-- f -->
      </class> <!-- testNG.dataproviders -->
    </test> <!-- Default test -->
  </suite> <!-- Default suite -->
</testng-results>
